<?xml version="1.0" encoding="utf-8"?><testsuites name="pytest tests"><testsuite name="pytest" errors="0" failures="0" skipped="0" tests="23" time="5.829" timestamp="2026-04-08T16:09:05.697366+00:00" hostname="agent-env-8d62a6dd-71f9-486e-9b58-27b911c92043"><testcase classname="tests.test_auth.TestAuth" name="test_register_new_user" time="0.361" /><testcase classname="tests.test_auth.TestAuth" name="test_register_duplicate_email" time="0.330" /><testcase classname="tests.test_auth.TestAuth" name="test_login_admin" time="0.283" /><testcase classname="tests.test_auth.TestAuth" name="test_login_invalid_credentials" time="0.053" /><testcase classname="tests.test_auth.TestAuth" name="test_get_current_user" time="0.331" /><testcase classname="tests.test_auth.TestAuth" name="test_get_current_user_no_token" time="0.053" /><testcase classname="tests.test_channels.TestChannels" name="test_list_server_channels" time="0.558" /><testcase classname="tests.test_channels.TestChannels" name="test_create_channel" time="0.155" /><testcase classname="tests.test_dms.TestDMs" name="test_create_dm" time="0.608" /><testcase classname="tests.test_dms.TestDMs" name="test_list_dms" time="0.101" /><testcase classname="tests.test_dms.TestDMs" name="test_send_dm_message" time="0.111" /><testcase classname="tests.test_dms.TestDMs" name="test_get_dm_messages" time="0.144" /><testcase classname="tests.test_messages.TestMessages" name="test_send_message_in_channel" time="0.384" /><testcase classname="tests.test_messages.TestMessages" name="test_get_channel_messages" time="0.099" /><testcase classname="tests.test_messages.TestMessages" name="test_add_reaction_to_message" time="0.117" /><testcase classname="tests.test_search_and_users.TestSearchAndUsers" name="test_search_endpoint" time="0.428" /><testcase classname="tests.test_search_and_users.TestSearchAndUsers" name="test_update_user_profile" time="0.108" /><testcase classname="tests.test_search_and_users.TestSearchAndUsers" name="test_search_users" time="0.315" /><testcase classname="tests.test_servers.TestServers" name="test_create_server" time="0.317" /><testcase classname="tests.test_servers.TestServers" name="test_list_servers" time="0.104" /><testcase classname="tests.test_servers.TestServers" name="test_get_server_details" time="0.100" /><testcase classname="tests.test_servers.TestServers" name="test_join_server_with_invite" time="0.690" /><testcase classname="tests.test_servers.TestServers" name="test_join_server_invalid_invite" time="0.049" /></testsuite></testsuites>